2018-11-03 11:18:08,180 [Worker-0] INFO  c.g.t.t.d.PublishedGradleVersions - Gradle version information cache is up-to-date. Trying to read.
2018-11-03 11:29:58,145 [Worker-28] INFO  o.e.m.c.i.l.LifecycleMappingFactory - Using org.maven.ide.eclipse.wtp.WarLifecycleMapping lifecycle mapping for MavenProject: com.rt:game-server:0.0.1-SNAPSHOT @ C:\project\game-server\pom.xml.
2018-11-03 11:29:58,381 [Worker-28] WARN  o.e.m.c.i.embedder.EclipseLogger - The POM for dc:dc:jar:1.0.7-SNAPSHOT is missing, no dependency information available
2018-11-03 11:29:58,764 [Worker-28] WARN  o.e.m.c.i.embedder.EclipseLogger - The POM for dc:dc:jar:1.0.7-SNAPSHOT is missing, no dependency information available
2018-11-03 11:30:01,211 [Worker-28] INFO  o.e.m.c.i.e.AbstractTransferListenerAdapter - Downloading https://repo.maven.apache.org/maven2/org/codehaus/plexus/plexus-utils/2.0.5/plexus-utils-2.0.5.pom
2018-11-03 11:30:01,411 [Worker-28] INFO  o.e.m.c.i.e.AbstractTransferListenerAdapter - Downloaded https://repo.maven.apache.org/maven2/org/codehaus/plexus/plexus-utils/2.0.5/plexus-utils-2.0.5.pom
2018-11-03 11:30:01,599 [Worker-28] INFO  o.e.m.c.i.e.AbstractTransferListenerAdapter - Downloading https://repo.maven.apache.org/maven2/org/codehaus/plexus/plexus/2.0.6/plexus-2.0.6.pom
2018-11-03 11:30:01,958 [Worker-28] INFO  o.e.m.c.i.e.AbstractTransferListenerAdapter - Downloaded https://repo.maven.apache.org/maven2/org/codehaus/plexus/plexus/2.0.6/plexus-2.0.6.pom
2018-11-03 11:30:02,147 [Worker-28] INFO  o.e.m.c.i.e.AbstractTransferListenerAdapter - Downloading https://repo.maven.apache.org/maven2/org/apache/maven/shared/maven-filtering/1.1/maven-filtering-1.1.pom
2018-11-03 11:30:02,362 [Worker-28] INFO  o.e.m.c.i.e.AbstractTransferListenerAdapter - Downloaded https://repo.maven.apache.org/maven2/org/apache/maven/shared/maven-filtering/1.1/maven-filtering-1.1.pom
2018-11-03 11:30:02,565 [Worker-28] INFO  o.e.m.c.i.e.AbstractTransferListenerAdapter - Downloading https://repo.maven.apache.org/maven2/org/codehaus/plexus/plexus-interpolation/1.12/plexus-interpolation-1.12.pom
2018-11-03 11:30:02,768 [Worker-28] INFO  o.e.m.c.i.e.AbstractTransferListenerAdapter - Downloaded https://repo.maven.apache.org/maven2/org/codehaus/plexus/plexus-interpolation/1.12/plexus-interpolation-1.12.pom
2018-11-03 11:30:02,975 [Worker-28] INFO  o.e.m.c.i.e.AbstractTransferListenerAdapter - Downloading https://repo.maven.apache.org/maven2/org/sonatype/plexus/plexus-build-api/0.0.4/plexus-build-api-0.0.4.pom
2018-11-03 11:30:03,180 [Worker-28] INFO  o.e.m.c.i.e.AbstractTransferListenerAdapter - Downloaded https://repo.maven.apache.org/maven2/org/sonatype/plexus/plexus-build-api/0.0.4/plexus-build-api-0.0.4.pom
2018-11-03 11:30:03,379 [Worker-28] INFO  o.e.m.c.i.e.AbstractTransferListenerAdapter - Downloading https://repo.maven.apache.org/maven2/org/sonatype/spice/spice-parent/10/spice-parent-10.pom
2018-11-03 11:30:03,582 [Worker-28] INFO  o.e.m.c.i.e.AbstractTransferListenerAdapter - Downloaded https://repo.maven.apache.org/maven2/org/sonatype/spice/spice-parent/10/spice-parent-10.pom
2018-11-03 11:30:03,790 [Worker-28] INFO  o.e.m.c.i.e.AbstractTransferListenerAdapter - Downloading https://repo.maven.apache.org/maven2/org/sonatype/forge/forge-parent/3/forge-parent-3.pom
2018-11-03 11:30:04,004 [Worker-28] INFO  o.e.m.c.i.e.AbstractTransferListenerAdapter - Downloaded https://repo.maven.apache.org/maven2/org/sonatype/forge/forge-parent/3/forge-parent-3.pom
2018-11-03 11:30:04,206 [Worker-28] INFO  o.e.m.c.i.e.AbstractTransferListenerAdapter - Downloading https://repo.maven.apache.org/maven2/org/codehaus/plexus/plexus-utils/1.5.8/plexus-utils-1.5.8.pom
2018-11-03 11:30:04,429 [Worker-28] INFO  o.e.m.c.i.e.AbstractTransferListenerAdapter - Downloaded https://repo.maven.apache.org/maven2/org/codehaus/plexus/plexus-utils/1.5.8/plexus-utils-1.5.8.pom
2018-11-03 11:30:04,650 [Worker-28] INFO  o.e.m.c.i.e.AbstractTransferListenerAdapter - Downloading https://repo.maven.apache.org/maven2/org/codehaus/plexus/plexus-interpolation/1.13/plexus-interpolation-1.13.pom
2018-11-03 11:30:04,860 [Worker-28] INFO  o.e.m.c.i.e.AbstractTransferListenerAdapter - Downloaded https://repo.maven.apache.org/maven2/org/codehaus/plexus/plexus-interpolation/1.13/plexus-interpolation-1.13.pom
2018-11-03 11:30:05,066 [Worker-28] INFO  o.e.m.c.i.e.AbstractTransferListenerAdapter - Downloading https://repo.maven.apache.org/maven2/org/codehaus/plexus/plexus-components/1.1.15/plexus-components-1.1.15.pom
2018-11-03 11:30:05,275 [Worker-28] INFO  o.e.m.c.i.e.AbstractTransferListenerAdapter - Downloaded https://repo.maven.apache.org/maven2/org/codehaus/plexus/plexus-components/1.1.15/plexus-components-1.1.15.pom
2018-11-03 11:30:05,515 [Worker-28] INFO  o.e.m.c.i.e.AbstractTransferListenerAdapter - Downloading https://repo.maven.apache.org/maven2/org/codehaus/plexus/plexus-utils/2.0.5/plexus-utils-2.0.5.jar
2018-11-03 11:30:06,600 [Worker-28] INFO  o.e.m.c.i.e.AbstractTransferListenerAdapter - Downloaded https://repo.maven.apache.org/maven2/org/codehaus/plexus/plexus-utils/2.0.5/plexus-utils-2.0.5.jar
2018-11-03 11:30:06,803 [Worker-28] INFO  o.e.m.c.i.e.AbstractTransferListenerAdapter - Downloading https://repo.maven.apache.org/maven2/org/apache/maven/shared/maven-filtering/1.1/maven-filtering-1.1.jar
2018-11-03 11:30:07,111 [Worker-28] INFO  o.e.m.c.i.e.AbstractTransferListenerAdapter - Downloaded https://repo.maven.apache.org/maven2/org/apache/maven/shared/maven-filtering/1.1/maven-filtering-1.1.jar
2018-11-03 11:30:07,310 [Worker-28] INFO  o.e.m.c.i.e.AbstractTransferListenerAdapter - Downloading https://repo.maven.apache.org/maven2/org/sonatype/plexus/plexus-build-api/0.0.4/plexus-build-api-0.0.4.jar
2018-11-03 11:30:07,523 [Worker-28] INFO  o.e.m.c.i.e.AbstractTransferListenerAdapter - Downloaded https://repo.maven.apache.org/maven2/org/sonatype/plexus/plexus-build-api/0.0.4/plexus-build-api-0.0.4.jar
2018-11-03 11:30:07,716 [Worker-28] INFO  o.e.m.c.i.e.AbstractTransferListenerAdapter - Downloading https://repo.maven.apache.org/maven2/org/codehaus/plexus/plexus-interpolation/1.13/plexus-interpolation-1.13.jar
2018-11-03 11:30:08,068 [Worker-28] INFO  o.e.m.c.i.e.AbstractTransferListenerAdapter - Downloaded https://repo.maven.apache.org/maven2/org/codehaus/plexus/plexus-interpolation/1.13/plexus-interpolation-1.13.jar
2018-11-03 11:30:08,318 [Worker-28] INFO  o.e.m.c.i.embedder.EclipseLogger - Using 'UTF-8' encoding to copy filtered resources.
2018-11-03 11:30:08,328 [Worker-28] INFO  o.e.m.c.i.embedder.EclipseLogger - Copying 0 resource
2018-11-03 11:30:08,334 [Worker-28] INFO  o.e.m.c.i.embedder.EclipseLogger - Using 'UTF-8' encoding to copy filtered resources.
2018-11-03 11:30:08,334 [Worker-28] INFO  o.e.m.c.i.embedder.EclipseLogger - skip non existing resourceDirectory C:\project\game-server\src\test\resources
2018-11-03 11:46:31,524 [Worker-5] INFO  c.g.t.t.d.PublishedGradleVersions - Gradle version information cache is up-to-date. Trying to read.
2018-11-03 11:48:24,649 [Worker-13] INFO  o.e.m.c.i.l.LifecycleMappingFactory - Using org.maven.ide.eclipse.wtp.WarLifecycleMapping lifecycle mapping for MavenProject: com.rt:game-server:0.0.1-SNAPSHOT @ C:\Users\Administrator\Desktop\project\game-server\pom.xml.
2018-11-03 11:48:24,774 [Worker-13] WARN  o.e.m.c.i.embedder.EclipseLogger - The POM for dc:dc:jar:1.0.7-SNAPSHOT is missing, no dependency information available
2018-11-03 11:48:25,188 [Worker-13] WARN  o.e.m.c.i.embedder.EclipseLogger - The POM for dc:dc:jar:1.0.7-SNAPSHOT is missing, no dependency information available
2018-11-03 13:54:20,477 [Worker-29] WARN  o.e.m.c.i.embedder.EclipseLogger - The POM for dc:dc:jar:1.0.7-SNAPSHOT is missing, no dependency information available
2018-11-03 14:39:32,383 [Worker-48] WARN  o.e.m.c.i.embedder.EclipseLogger - The POM for dc:dc:jar:1.0.7-SNAPSHOT is missing, no dependency information available
2018-11-03 14:40:09,195 [Worker-50] INFO  o.e.m.w.i.f.ResourceFilteringBuildParticipant - Cleaning filtered folder for game-server
2018-11-03 14:40:14,555 [Worker-49] INFO  o.e.m.c.i.embedder.EclipseLogger - Using 'UTF-8' encoding to copy filtered resources.
2018-11-03 14:40:14,563 [Worker-49] INFO  o.e.m.c.i.embedder.EclipseLogger - Copying 0 resource
2018-11-03 14:40:14,578 [Worker-49] INFO  o.e.m.c.i.embedder.EclipseLogger - Using 'UTF-8' encoding to copy filtered resources.
2018-11-03 14:40:14,578 [Worker-49] INFO  o.e.m.c.i.embedder.EclipseLogger - skip non existing resourceDirectory C:\Users\Administrator\Desktop\project\game-server\src\test\resources
2018-11-03 14:40:14,578 [Worker-49] INFO  o.e.m.w.i.f.ResourceFilteringBuildParticipant - Changed resources require a complete clean of filtered resources of game-server
2018-11-03 14:40:14,578 [Worker-49] INFO  o.e.m.w.i.f.ResourceFilteringBuildParticipant - Executing resource filtering for game-server
2018-11-03 14:40:14,594 [Worker-49] INFO  o.e.m.c.i.embedder.EclipseLogger - Using 'UTF-8' encoding to copy filtered resources.
2018-11-03 21:19:40,258 [Worker-52] INFO  o.e.m.w.i.f.ResourceFilteringBuildParticipant - Cleaning filtered folder for game-server
2018-11-03 21:19:42,391 [Worker-56] INFO  o.e.m.c.i.embedder.EclipseLogger - Using 'UTF-8' encoding to copy filtered resources.
2018-11-03 21:19:42,391 [Worker-56] INFO  o.e.m.c.i.embedder.EclipseLogger - Copying 0 resource
2018-11-03 21:19:42,399 [Worker-56] INFO  o.e.m.c.i.embedder.EclipseLogger - Using 'UTF-8' encoding to copy filtered resources.
2018-11-03 21:19:42,399 [Worker-56] INFO  o.e.m.c.i.embedder.EclipseLogger - skip non existing resourceDirectory C:\Users\Administrator\Desktop\project\game-server\src\test\resources
2018-11-03 21:19:42,399 [Worker-56] INFO  o.e.m.w.i.f.ResourceFilteringBuildParticipant - Changed resources require a complete clean of filtered resources of game-server
2018-11-03 21:19:42,399 [Worker-56] INFO  o.e.m.w.i.f.ResourceFilteringBuildParticipant - Executing resource filtering for game-server
2018-11-03 21:19:42,414 [Worker-56] INFO  o.e.m.c.i.embedder.EclipseLogger - Using 'UTF-8' encoding to copy filtered resources.
2018-11-03 21:21:19,570 [Worker-55] INFO  o.e.m.c.i.l.LifecycleMappingFactory - Using org.maven.ide.eclipse.wtp.WarLifecycleMapping lifecycle mapping for MavenProject: com.rt:game-server:1.0.7-SNAPSHOT @ C:\Users\Administrator\Desktop\project\game-server\pom.xml.
2018-11-03 21:21:19,641 [Worker-55] WARN  o.e.m.c.i.embedder.EclipseLogger - The POM for dc:dc:jar:1.0.7-SNAPSHOT is missing, no dependency information available
2018-11-03 21:21:19,719 [Worker-55] WARN  o.e.m.c.i.embedder.EclipseLogger - The POM for dc:dc:jar:1.0.7-SNAPSHOT is missing, no dependency information available
2018-11-03 21:21:19,984 [Worker-55] INFO  o.e.m.w.i.f.ResourceFilteringBuildParticipant - Cleaning filtered folder for game-server
2018-11-03 21:21:20,297 [Worker-59] WARN  o.e.m.c.i.embedder.EclipseLogger - The POM for dc:dc:jar:1.0.7-SNAPSHOT is missing, no dependency information available
2018-11-03 21:21:20,336 [Worker-59] WARN  o.e.m.c.i.embedder.EclipseLogger - The POM for dc:dc:jar:1.0.7-SNAPSHOT is missing, no dependency information available
2018-11-03 21:21:30,805 [Worker-57] INFO  o.e.m.c.i.embedder.EclipseLogger - Using 'UTF-8' encoding to copy filtered resources.
2018-11-03 21:21:30,805 [Worker-57] INFO  o.e.m.c.i.embedder.EclipseLogger - Copying 0 resource
2018-11-03 21:21:30,820 [Worker-57] INFO  o.e.m.c.i.embedder.EclipseLogger - Using 'UTF-8' encoding to copy filtered resources.
2018-11-03 21:21:30,828 [Worker-57] INFO  o.e.m.c.i.embedder.EclipseLogger - skip non existing resourceDirectory C:\Users\Administrator\Desktop\project\game-server\src\test\resources
2018-11-03 21:21:30,828 [Worker-57] INFO  o.e.m.w.i.f.ResourceFilteringBuildParticipant - Changed resources require a complete clean of filtered resources of game-server
2018-11-03 21:21:30,836 [Worker-57] INFO  o.e.m.w.i.f.ResourceFilteringBuildParticipant - Executing resource filtering for game-server
2018-11-03 21:21:30,867 [Worker-57] INFO  o.e.m.c.i.embedder.EclipseLogger - Using 'UTF-8' encoding to copy filtered resources.
2018-11-03 21:21:55,406 [Worker-55] WARN  o.e.m.c.i.embedder.EclipseLogger - The POM for dc:dc:jar:1.0.7-SNAPSHOT is missing, no dependency information available
2018-11-03 21:25:36,141 [Worker-61] INFO  o.e.m.c.i.l.LifecycleMappingFactory - Using org.maven.ide.eclipse.wtp.WarLifecycleMapping lifecycle mapping for MavenProject: com.rt:game-server:0.0.1-SNAPSHOT @ C:\Users\Administrator\Desktop\project\game-server\pom.xml.
2018-11-03 21:25:36,188 [Worker-61] WARN  o.e.m.c.i.embedder.EclipseLogger - The POM for dc:dc:jar:1.0.7-SNAPSHOT is missing, no dependency information available
2018-11-03 21:25:36,242 [Worker-61] WARN  o.e.m.c.i.embedder.EclipseLogger - The POM for dc:dc:jar:1.0.7-SNAPSHOT is missing, no dependency information available
2018-11-03 21:25:38,172 [Worker-61] INFO  o.e.m.c.i.e.AbstractTransferListenerAdapter - Downloading https://repo.maven.apache.org/maven2/xpp3/xpp3_min/1.1.4c/xpp3_min-1.1.4c.jar
2018-11-03 21:25:38,508 [Worker-61] INFO  o.e.m.c.i.e.AbstractTransferListenerAdapter - Downloaded https://repo.maven.apache.org/maven2/xpp3/xpp3_min/1.1.4c/xpp3_min-1.1.4c.jar
2018-11-03 21:25:38,695 [Worker-61] INFO  o.e.m.w.i.f.ResourceFilteringBuildParticipant - Cleaning filtered folder for game-server
2018-11-03 21:25:38,828 [Worker-60] WARN  o.e.m.c.i.embedder.EclipseLogger - The POM for dc:dc:jar:1.0.7-SNAPSHOT is missing, no dependency information available
2018-11-03 21:25:38,930 [Worker-60] WARN  o.e.m.c.i.embedder.EclipseLogger - The POM for dc:dc:jar:1.0.7-SNAPSHOT is missing, no dependency information available
2018-11-03 21:25:45,399 [Worker-61] INFO  o.e.m.c.i.embedder.EclipseLogger - Using 'UTF-8' encoding to copy filtered resources.
2018-11-03 21:25:45,399 [Worker-61] INFO  o.e.m.c.i.embedder.EclipseLogger - Copying 0 resource
2018-11-03 21:25:45,406 [Worker-61] INFO  o.e.m.c.i.embedder.EclipseLogger - Using 'UTF-8' encoding to copy filtered resources.
2018-11-03 21:25:45,406 [Worker-61] INFO  o.e.m.c.i.embedder.EclipseLogger - skip non existing resourceDirectory C:\Users\Administrator\Desktop\project\game-server\src\test\resources
2018-11-03 21:25:45,406 [Worker-61] INFO  o.e.m.w.i.f.ResourceFilteringBuildParticipant - Changed resources require a complete clean of filtered resources of game-server
2018-11-03 21:25:45,406 [Worker-61] INFO  o.e.m.w.i.f.ResourceFilteringBuildParticipant - Executing resource filtering for game-server
2018-11-03 21:25:45,414 [Worker-61] INFO  o.e.m.c.i.embedder.EclipseLogger - Using 'UTF-8' encoding to copy filtered resources.
2018-11-03 21:30:06,328 [Worker-61] INFO  o.e.m.w.i.f.ResourceFilteringBuildParticipant - Cleaning filtered folder for game-server
2018-11-03 21:30:12,688 [Worker-61] INFO  o.e.m.c.i.embedder.EclipseLogger - Using 'UTF-8' encoding to copy filtered resources.
2018-11-03 21:30:12,688 [Worker-61] INFO  o.e.m.c.i.embedder.EclipseLogger - Copying 0 resource
2018-11-03 21:30:12,688 [Worker-61] INFO  o.e.m.c.i.embedder.EclipseLogger - Using 'UTF-8' encoding to copy filtered resources.
2018-11-03 21:30:12,688 [Worker-61] INFO  o.e.m.c.i.embedder.EclipseLogger - skip non existing resourceDirectory C:\Users\Administrator\Desktop\project\game-server\src\test\resources
2018-11-03 21:30:12,688 [Worker-61] INFO  o.e.m.w.i.f.ResourceFilteringBuildParticipant - Changed resources require a complete clean of filtered resources of game-server
2018-11-03 21:30:12,688 [Worker-61] INFO  o.e.m.w.i.f.ResourceFilteringBuildParticipant - Executing resource filtering for game-server
2018-11-03 21:30:12,695 [Worker-61] INFO  o.e.m.c.i.embedder.EclipseLogger - Using 'UTF-8' encoding to copy filtered resources.
2018-11-03 21:46:01,500 [Worker-0] INFO  c.g.t.t.d.PublishedGradleVersions - Gradle version information cache is up-to-date. Trying to read.
2018-11-04 12:27:27,406 [Worker-6] INFO  c.g.t.t.d.PublishedGradleVersions - Gradle version information cache is up-to-date. Trying to read.
2018-11-04 12:31:36,820 [Worker-5] INFO  c.g.t.t.d.PublishedGradleVersions - Gradle version information cache is up-to-date. Trying to read.
2018-11-04 20:56:09,141 [Worker-6] INFO  c.g.t.t.d.PublishedGradleVersions - Gradle version information cache is up-to-date. Trying to read.
2018-11-15 16:56:38,939 [Worker-8] INFO  c.g.t.t.d.PublishedGradleVersions - Gradle version information cache is out-of-date. Trying to update.
2018-11-16 14:37:09,932 [Worker-60] WARN  o.e.m.c.i.embedder.EclipseLogger - The POM for dc:dc:jar:1.0.7-SNAPSHOT is missing, no dependency information available
2018-11-17 16:16:46,197 [Worker-3] INFO  c.g.t.t.d.PublishedGradleVersions - Gradle version information cache is out-of-date. Trying to update.
2018-11-17 16:23:25,884 [Worker-28] WARN  o.e.m.c.i.embedder.EclipseLogger - The POM for dc:dc:jar:1.0.7-SNAPSHOT is missing, no dependency information available
2018-11-17 16:23:26,359 [Worker-28] INFO  o.e.m.w.i.f.ResourceFilteringBuildParticipant - Cleaning filtered folder for game-server
2018-11-17 16:23:37,722 [Worker-37] INFO  o.e.m.c.i.embedder.EclipseLogger - Using 'UTF-8' encoding to copy filtered resources.
2018-11-17 16:23:37,733 [Worker-37] INFO  o.e.m.c.i.embedder.EclipseLogger - Copying 0 resource
2018-11-17 16:23:37,740 [Worker-37] INFO  o.e.m.c.i.embedder.EclipseLogger - Using 'UTF-8' encoding to copy filtered resources.
2018-11-17 16:23:37,740 [Worker-37] INFO  o.e.m.c.i.embedder.EclipseLogger - skip non existing resourceDirectory C:\Users\Administrator\Desktop\project\game-server\src\test\resources
2018-11-17 16:23:37,742 [Worker-37] INFO  o.e.m.w.i.f.ResourceFilteringBuildParticipant - Changed resources require a complete clean of filtered resources of game-server
2018-11-17 16:23:37,743 [Worker-37] INFO  o.e.m.w.i.f.ResourceFilteringBuildParticipant - Executing resource filtering for game-server
2018-11-17 16:23:37,795 [Worker-37] INFO  o.e.m.c.i.embedder.EclipseLogger - Using 'UTF-8' encoding to copy filtered resources.
2018-11-17 16:27:48,410 [Worker-61] INFO  o.e.m.w.i.f.ResourceFilteringBuildParticipant - Cleaning filtered folder for game-server
2018-11-17 16:28:02,271 [Worker-65] INFO  o.e.m.c.i.embedder.EclipseLogger - Using 'UTF-8' encoding to copy filtered resources.
2018-11-17 16:28:02,272 [Worker-65] INFO  o.e.m.c.i.embedder.EclipseLogger - Copying 0 resource
2018-11-17 16:28:02,275 [Worker-65] INFO  o.e.m.c.i.embedder.EclipseLogger - Using 'UTF-8' encoding to copy filtered resources.
2018-11-17 16:28:02,275 [Worker-65] INFO  o.e.m.c.i.embedder.EclipseLogger - skip non existing resourceDirectory C:\Users\Administrator\Desktop\project\game-server\src\test\resources
2018-11-17 16:28:02,277 [Worker-65] INFO  o.e.m.w.i.f.ResourceFilteringBuildParticipant - Changed resources require a complete clean of filtered resources of game-server
2018-11-17 16:28:02,277 [Worker-65] INFO  o.e.m.w.i.f.ResourceFilteringBuildParticipant - Executing resource filtering for game-server
2018-11-17 16:28:02,312 [Worker-65] INFO  o.e.m.c.i.embedder.EclipseLogger - Using 'UTF-8' encoding to copy filtered resources.
2018-11-17 16:31:13,402 [Worker-78] INFO  o.e.m.w.i.f.ResourceFilteringBuildParticipant - Cleaning filtered folder for game-server
2018-11-17 16:31:22,165 [Worker-78] INFO  o.e.m.c.i.embedder.EclipseLogger - Using 'UTF-8' encoding to copy filtered resources.
2018-11-17 16:31:22,166 [Worker-78] INFO  o.e.m.c.i.embedder.EclipseLogger - Copying 0 resource
2018-11-17 16:31:22,168 [Worker-78] INFO  o.e.m.c.i.embedder.EclipseLogger - Using 'UTF-8' encoding to copy filtered resources.
2018-11-17 16:31:22,168 [Worker-78] INFO  o.e.m.c.i.embedder.EclipseLogger - skip non existing resourceDirectory C:\Users\Administrator\Desktop\project\game-server\src\test\resources
2018-11-17 16:31:22,168 [Worker-78] INFO  o.e.m.w.i.f.ResourceFilteringBuildParticipant - Changed resources require a complete clean of filtered resources of game-server
2018-11-17 16:31:22,168 [Worker-78] INFO  o.e.m.w.i.f.ResourceFilteringBuildParticipant - Executing resource filtering for game-server
2018-11-17 16:31:22,174 [Worker-78] INFO  o.e.m.c.i.embedder.EclipseLogger - Using 'UTF-8' encoding to copy filtered resources.
2018-11-17 16:32:31,234 [Worker-67] INFO  o.e.m.w.i.f.ResourceFilteringBuildParticipant - Cleaning filtered folder for game-server
2018-11-17 16:32:37,698 [Worker-90] INFO  o.e.m.c.i.embedder.EclipseLogger - Using 'UTF-8' encoding to copy filtered resources.
2018-11-17 16:32:37,704 [Worker-90] INFO  o.e.m.c.i.embedder.EclipseLogger - Copying 0 resource
2018-11-17 16:32:37,712 [Worker-90] INFO  o.e.m.c.i.embedder.EclipseLogger - Using 'UTF-8' encoding to copy filtered resources.
2018-11-17 16:32:37,712 [Worker-90] INFO  o.e.m.c.i.embedder.EclipseLogger - skip non existing resourceDirectory C:\Users\Administrator\Desktop\project\game-server\src\test\resources
2018-11-17 16:32:37,718 [Worker-90] INFO  o.e.m.w.i.f.ResourceFilteringBuildParticipant - Changed resources require a complete clean of filtered resources of game-server
2018-11-17 16:32:37,722 [Worker-90] INFO  o.e.m.w.i.f.ResourceFilteringBuildParticipant - Executing resource filtering for game-server
2018-11-17 16:32:37,751 [Worker-90] INFO  o.e.m.c.i.embedder.EclipseLogger - Using 'UTF-8' encoding to copy filtered resources.
2018-11-17 16:34:27,907 [Worker-98] INFO  o.e.m.w.i.f.ResourceFilteringBuildParticipant - Cleaning filtered folder for game-server
2018-11-17 16:34:35,243 [Worker-98] INFO  o.e.m.c.i.embedder.EclipseLogger - Using 'UTF-8' encoding to copy filtered resources.
2018-11-17 16:34:35,244 [Worker-98] INFO  o.e.m.c.i.embedder.EclipseLogger - Copying 0 resource
2018-11-17 16:34:35,250 [Worker-98] INFO  o.e.m.c.i.embedder.EclipseLogger - Using 'UTF-8' encoding to copy filtered resources.
2018-11-17 16:34:35,250 [Worker-98] INFO  o.e.m.c.i.embedder.EclipseLogger - skip non existing resourceDirectory C:\Users\Administrator\Desktop\project\game-server\src\test\resources
2018-11-17 16:34:35,251 [Worker-98] INFO  o.e.m.w.i.f.ResourceFilteringBuildParticipant - Changed resources require a complete clean of filtered resources of game-server
2018-11-17 16:34:35,251 [Worker-98] INFO  o.e.m.w.i.f.ResourceFilteringBuildParticipant - Executing resource filtering for game-server
2018-11-17 16:34:35,274 [Worker-98] INFO  o.e.m.c.i.embedder.EclipseLogger - Using 'UTF-8' encoding to copy filtered resources.
2018-11-17 17:51:38,619 [Worker-7] INFO  c.g.t.t.d.PublishedGradleVersions - Gradle version information cache is up-to-date. Trying to read.
2018-11-17 18:54:33,728 [Worker-96] WARN  o.e.m.c.i.embedder.EclipseLogger - The POM for dc:dc:jar:1.0.7-SNAPSHOT is missing, no dependency information available
2018-11-17 18:54:34,158 [Worker-96] INFO  o.e.m.w.i.f.ResourceFilteringBuildParticipant - Cleaning filtered folder for game-server
2018-11-17 18:54:44,119 [Worker-83] INFO  o.e.m.c.i.embedder.EclipseLogger - Using 'UTF-8' encoding to copy filtered resources.
2018-11-17 18:54:44,135 [Worker-83] INFO  o.e.m.c.i.embedder.EclipseLogger - Copying 0 resource
2018-11-17 18:54:44,135 [Worker-83] INFO  o.e.m.c.i.embedder.EclipseLogger - Using 'UTF-8' encoding to copy filtered resources.
2018-11-17 18:54:44,135 [Worker-83] INFO  o.e.m.c.i.embedder.EclipseLogger - skip non existing resourceDirectory C:\Users\Administrator\Desktop\project\game-server\src\test\resources
2018-11-17 18:54:44,143 [Worker-83] INFO  o.e.m.w.i.f.ResourceFilteringBuildParticipant - Changed resources require a complete clean of filtered resources of game-server
2018-11-17 18:54:44,143 [Worker-83] INFO  o.e.m.w.i.f.ResourceFilteringBuildParticipant - Executing resource filtering for game-server
2018-11-17 18:54:44,197 [Worker-83] INFO  o.e.m.c.i.embedder.EclipseLogger - Using 'UTF-8' encoding to copy filtered resources.
2018-11-17 18:56:51,018 [Worker-93] WARN  o.e.m.c.i.embedder.EclipseLogger - The POM for dc:dc:jar:1.0.7-SNAPSHOT is missing, no dependency information available
2018-11-17 19:11:51,807 [Worker-149] INFO  o.e.m.w.i.f.ResourceFilteringBuildParticipant - Cleaning filtered folder for game-server
2018-11-17 19:11:58,057 [Worker-152] INFO  o.e.m.c.i.embedder.EclipseLogger - Using 'UTF-8' encoding to copy filtered resources.
2018-11-17 19:11:58,064 [Worker-152] INFO  o.e.m.c.i.embedder.EclipseLogger - Copying 0 resource
2018-11-17 19:11:58,064 [Worker-152] INFO  o.e.m.c.i.embedder.EclipseLogger - Using 'UTF-8' encoding to copy filtered resources.
2018-11-17 19:11:58,064 [Worker-152] INFO  o.e.m.c.i.embedder.EclipseLogger - skip non existing resourceDirectory C:\Users\Administrator\Desktop\project\game-server\src\test\resources
2018-11-17 19:11:58,064 [Worker-152] INFO  o.e.m.w.i.f.ResourceFilteringBuildParticipant - Changed resources require a complete clean of filtered resources of game-server
2018-11-17 19:11:58,064 [Worker-152] INFO  o.e.m.w.i.f.ResourceFilteringBuildParticipant - Executing resource filtering for game-server
2018-11-17 19:11:58,111 [Worker-152] INFO  o.e.m.c.i.embedder.EclipseLogger - Using 'UTF-8' encoding to copy filtered resources.
2018-11-17 19:12:30,424 [Worker-147] INFO  o.e.m.w.i.f.ResourceFilteringBuildParticipant - Cleaning filtered folder for game-server
2018-11-17 19:12:40,057 [Worker-158] INFO  o.e.m.c.i.embedder.EclipseLogger - Using 'UTF-8' encoding to copy filtered resources.
2018-11-17 19:12:40,057 [Worker-158] INFO  o.e.m.c.i.embedder.EclipseLogger - Copying 0 resource
2018-11-17 19:12:40,064 [Worker-158] INFO  o.e.m.c.i.embedder.EclipseLogger - Using 'UTF-8' encoding to copy filtered resources.
2018-11-17 19:12:40,064 [Worker-158] INFO  o.e.m.c.i.embedder.EclipseLogger - skip non existing resourceDirectory C:\Users\Administrator\Desktop\project\game-server\src\test\resources
2018-11-17 19:12:40,064 [Worker-158] INFO  o.e.m.w.i.f.ResourceFilteringBuildParticipant - Changed resources require a complete clean of filtered resources of game-server
2018-11-17 19:12:40,064 [Worker-158] INFO  o.e.m.w.i.f.ResourceFilteringBuildParticipant - Executing resource filtering for game-server
2018-11-17 19:12:40,072 [Worker-158] INFO  o.e.m.c.i.embedder.EclipseLogger - Using 'UTF-8' encoding to copy filtered resources.
2018-11-17 19:19:55,728 [Worker-145] INFO  o.e.m.w.i.f.ResourceFilteringBuildParticipant - Cleaning filtered folder for game-server
2018-11-17 19:20:02,400 [Worker-93] INFO  o.e.m.c.i.embedder.EclipseLogger - Using 'UTF-8' encoding to copy filtered resources.
2018-11-17 19:20:02,400 [Worker-93] INFO  o.e.m.c.i.embedder.EclipseLogger - Copying 0 resource
2018-11-17 19:20:02,408 [Worker-93] INFO  o.e.m.c.i.embedder.EclipseLogger - Using 'UTF-8' encoding to copy filtered resources.
2018-11-17 19:20:02,408 [Worker-93] INFO  o.e.m.c.i.embedder.EclipseLogger - skip non existing resourceDirectory C:\Users\Administrator\Desktop\project\game-server\src\test\resources
2018-11-17 19:20:02,408 [Worker-93] INFO  o.e.m.w.i.f.ResourceFilteringBuildParticipant - Changed resources require a complete clean of filtered resources of game-server
2018-11-17 19:20:02,408 [Worker-93] INFO  o.e.m.w.i.f.ResourceFilteringBuildParticipant - Executing resource filtering for game-server
2018-11-17 19:20:02,416 [Worker-93] INFO  o.e.m.c.i.embedder.EclipseLogger - Using 'UTF-8' encoding to copy filtered resources.
2018-11-17 19:23:50,018 [Worker-122] INFO  o.e.m.c.i.e.AbstractTransferListenerAdapter - Downloading https://repo.maven.apache.org/maven2/org/apache/tomcat/tomcat-coyote/9.0.6/tomcat-coyote-9.0.6-sources.jar
2018-11-17 19:23:53,518 [Worker-122] INFO  o.e.m.c.i.e.AbstractTransferListenerAdapter - Downloaded https://repo.maven.apache.org/maven2/org/apache/tomcat/tomcat-coyote/9.0.6/tomcat-coyote-9.0.6-sources.jar
2018-11-17 19:23:53,611 [Worker-122] INFO  o.e.m.j.internal.DownloadSourcesJob - Downloaded sources for org.apache.tomcat:tomcat-coyote:9.0.6
2018-12-17 19:46:31,521 [Worker-3] INFO  c.g.t.t.d.PublishedGradleVersions - Gradle version information cache is out-of-date. Trying to update.
2018-12-17 22:41:05,232 [Worker-6] INFO  c.g.t.t.d.PublishedGradleVersions - Gradle version information cache is up-to-date. Trying to read.
